Obteniendo datos del clima de Dublín...
Datos guardados exitosamente en dublin_weather.csv
¡Datos de Dublín guardados exitosamente!

--- Datos actuales de Dublín ---
Temperatura: 16.3°C
Sensación térmica: 16.13°C
Descripción: Lluvia Ligera
Humedad: 82%
Viento: 2.57 m/s
Timestamp: 2025-08-03 16:29:00

Proceso completado!
Obteniendo datos del clima de Dublín...
Datos guardados exitosamente en dublin_weather.csv
¡Datos de Dublín guardados exitosamente!

--- Datos actuales de Dublín ---
Temperatura: 16.3°C
Sensación térmica: 16.13°C
Descripción: Lluvia Ligera
Humedad: 82%
Viento: 2.57 m/s
Timestamp: 2025-08-03 16:30:00

Proceso completado!
Obteniendo datos del clima de Dublín...
Datos guardados exitosamente en dublin_weather.csv
¡Datos de Dublín guardados exitosamente!

--- Datos actuales de Dublín ---
Temperatura: 16.14°C
Sensación térmica: 15.92°C
Descripción: Lluvia Ligera
Humedad: 81%
Viento: 2.57 m/s
Timestamp: 2025-08-03 16:31:00

Proceso completado!
Obteniendo datos del clima de Dublín...
Datos guardados exitosamente en dublin_weather.csv
¡Datos de Dublín guardados exitosamente!

--- Datos actuales de Dublín ---
Temperatura: 16.14°C
Sensación térmica: 15.92°C
Descripción: Lluvia Ligera
Humedad: 81%
Viento: 2.57 m/s
Timestamp: 2025-08-03 16:32:02

Proceso completado!
Obteniendo datos del clima de Dublín...
Datos guardados exitosamente en dublin_weather.csv
¡Datos de Dublín guardados exitosamente!

--- Datos actuales de Dublín ---
Temperatura: 16.3°C
Sensación térmica: 16.1°C
Descripción: Lluvia Ligera
Humedad: 81%
Viento: 2.57 m/s
Timestamp: 2025-08-03 16:33:02

Proceso completado!
